<?xml version="1.0" encoding="UTF-8"?>
<!-- Generated by org.testng.reporters.JUnitXMLReporter -->
<testsuite hostname="DESKTOP-3NLNO6U" ignored="0" name="Test" tests="4" failures="0" timestamp="2021-01-13T14:16:44 CST" time="217.922" errors="0">
  <testcase name="testCase5" time="153.539" classname="Practies.AppiumFramework.Ecommerce_Shopping_APP_tc"/>
  <testcase name="APIDemoTC" time="49.656" classname="Practies.AppiumFramework.ApiDemoAppTestCase"/>
  <testcase name="Preference_dependencies" time="7.771" classname="Practies.AppiumFramework.ApiDemoAppTestCase"/>
  <testcase name="Preference_dependencies" time="6.885" classname="Practies.AppiumFramework.ApiDemoAppTestCase"/>
</testsuite> <!-- Test -->
